<?xml version="1.0" encoding="UTF-8"?>
<testsuite xmlns:xsi="http://www.w3.org/2001/XMLSchema-instance" xsi:noNamespaceSchemaLocation="https://maven.apache.org/surefire/maven-surefire-plugin/xsd/surefire-test-report.xsd" name="TestSuite" time="43.141" tests="12" errors="0" skipped="0" failures="0">
  <properties>
    <property name="sun.desktop" value="gnome"/>
    <property name="awt.toolkit" value="sun.awt.X11.XToolkit"/>
    <property name="java.specification.version" value="11"/>
    <property name="sun.cpu.isalist" value=""/>
    <property name="sun.jnu.encoding" value="UTF-8"/>
    <property name="java.class.path" value="/home/rajith.sudarshana/circles/projects/cloud-test/target/test-classes:/home/rajith.sudarshana/circles/projects/cloud-test/target/classes:/home/rajith.sudarshana/.m2/repository/org/seleniumhq/selenium/selenium-java/4.8.0/selenium-java-4.8.0.jar:/home/rajith.sudarshana/.m2/repository/org/seleniumhq/selenium/selenium-api/4.8.0/selenium-api-4.8.0.jar:/home/rajith.sudarshana/.m2/repository/org/seleniumhq/selenium/selenium-chrome-driver/4.8.0/selenium-chrome-driver-4.8.0.jar:/home/rajith.sudarshana/.m2/repository/com/google/auto/service/auto-service-annotations/1.0.1/auto-service-annotations-1.0.1.jar:/home/rajith.sudarshana/.m2/repository/com/google/auto/service/auto-service/1.0.1/auto-service-1.0.1.jar:/home/rajith.sudarshana/.m2/repository/com/google/auto/auto-common/1.2/auto-common-1.2.jar:/home/rajith.sudarshana/.m2/repository/com/google/guava/guava/31.1-jre/guava-31.1-jre.jar:/home/rajith.sudarshana/.m2/repository/com/google/guava/failureaccess/1.0.1/failureaccess-1.0.1.jar:/home/rajith.sudarshana/.m2/repository/com/google/guava/listenablefuture/9999.0-empty-to-avoid-conflict-with-guava/listenablefuture-9999.0-empty-to-avoid-conflict-with-guava.jar:/home/rajith.sudarshana/.m2/repository/com/google/code/findbugs/jsr305/3.0.2/jsr305-3.0.2.jar:/home/rajith.sudarshana/.m2/repository/org/checkerframework/checker-qual/3.12.0/checker-qual-3.12.0.jar:/home/rajith.sudarshana/.m2/repository/com/google/errorprone/error_prone_annotations/2.11.0/error_prone_annotations-2.11.0.jar:/home/rajith.sudarshana/.m2/repository/com/google/j2objc/j2objc-annotations/1.3/j2objc-annotations-1.3.jar:/home/rajith.sudarshana/.m2/repository/org/seleniumhq/selenium/selenium-chromium-driver/4.8.0/selenium-chromium-driver-4.8.0.jar:/home/rajith.sudarshana/.m2/repository/org/seleniumhq/selenium/selenium-json/4.8.0/selenium-json-4.8.0.jar:/home/rajith.sudarshana/.m2/repository/org/seleniumhq/selenium/selenium-devtools-v107/4.8.0/selenium-devtools-v107-4.8.0.jar:/home/rajith.sudarshana/.m2/repository/org/seleniumhq/selenium/selenium-devtools-v108/4.8.0/selenium-devtools-v108-4.8.0.jar:/home/rajith.sudarshana/.m2/repository/org/seleniumhq/selenium/selenium-devtools-v109/4.8.0/selenium-devtools-v109-4.8.0.jar:/home/rajith.sudarshana/.m2/repository/org/seleniumhq/selenium/selenium-devtools-v85/4.8.0/selenium-devtools-v85-4.8.0.jar:/home/rajith.sudarshana/.m2/repository/org/seleniumhq/selenium/selenium-edge-driver/4.8.0/selenium-edge-driver-4.8.0.jar:/home/rajith.sudarshana/.m2/repository/org/seleniumhq/selenium/selenium-firefox-driver/4.8.0/selenium-firefox-driver-4.8.0.jar:/home/rajith.sudarshana/.m2/repository/org/seleniumhq/selenium/selenium-http/4.8.0/selenium-http-4.8.0.jar:/home/rajith.sudarshana/.m2/repository/dev/failsafe/failsafe/3.3.0/failsafe-3.3.0.jar:/home/rajith.sudarshana/.m2/repository/org/seleniumhq/selenium/selenium-ie-driver/4.8.0/selenium-ie-driver-4.8.0.jar:/home/rajith.sudarshana/.m2/repository/org/seleniumhq/selenium/selenium-remote-driver/4.8.0/selenium-remote-driver-4.8.0.jar:/home/rajith.sudarshana/.m2/repository/io/netty/netty-buffer/4.1.87.Final/netty-buffer-4.1.87.Final.jar:/home/rajith.sudarshana/.m2/repository/io/netty/netty-codec-http/4.1.87.Final/netty-codec-http-4.1.87.Final.jar:/home/rajith.sudarshana/.m2/repository/io/netty/netty-codec/4.1.87.Final/netty-codec-4.1.87.Final.jar:/home/rajith.sudarshana/.m2/repository/io/netty/netty-handler/4.1.87.Final/netty-handler-4.1.87.Final.jar:/home/rajith.sudarshana/.m2/repository/io/netty/netty-common/4.1.87.Final/netty-common-4.1.87.Final.jar:/home/rajith.sudarshana/.m2/repository/io/netty/netty-transport-classes-epoll/4.1.87.Final/netty-transport-classes-epoll-4.1.87.Final.jar:/home/rajith.sudarshana/.m2/repository/io/netty/netty-transport-classes-kqueue/4.1.87.Final/netty-transport-classes-kqueue-4.1.87.Final.jar:/home/rajith.sudarshana/.m2/repository/io/netty/netty-transport-native-epoll/4.1.87.Final/netty-transport-native-epoll-4.1.87.Final.jar:/home/rajith.sudarshana/.m2/repository/io/netty/netty-transport-native-kqueue/4.1.87.Final/netty-transport-native-kqueue-4.1.87.Final.jar:/home/rajith.sudarshana/.m2/repository/io/netty/netty-transport-native-unix-common/4.1.87.Final/netty-transport-native-unix-common-4.1.87.Final.jar:/home/rajith.sudarshana/.m2/repository/io/netty/netty-transport/4.1.87.Final/netty-transport-4.1.87.Final.jar:/home/rajith.sudarshana/.m2/repository/io/netty/netty-resolver/4.1.87.Final/netty-resolver-4.1.87.Final.jar:/home/rajith.sudarshana/.m2/repository/io/opentelemetry/opentelemetry-api/1.22.0/opentelemetry-api-1.22.0.jar:/home/rajith.sudarshana/.m2/repository/io/opentelemetry/opentelemetry-context/1.22.0/opentelemetry-context-1.22.0.jar:/home/rajith.sudarshana/.m2/repository/io/opentelemetry/opentelemetry-exporter-logging/1.22.0/opentelemetry-exporter-logging-1.22.0.jar:/home/rajith.sudarshana/.m2/repository/io/opentelemetry/opentelemetry-sdk-metrics/1.22.0/opentelemetry-sdk-metrics-1.22.0.jar:/home/rajith.sudarshana/.m2/repository/io/opentelemetry/opentelemetry-sdk-logs/1.22.0-alpha/opentelemetry-sdk-logs-1.22.0-alpha.jar:/home/rajith.sudarshana/.m2/repository/io/opentelemetry/opentelemetry-api-logs/1.22.0-alpha/opentelemetry-api-logs-1.22.0-alpha.jar:/home/rajith.sudarshana/.m2/repository/io/opentelemetry/opentelemetry-sdk-common/1.22.0/opentelemetry-sdk-common-1.22.0.jar:/home/rajith.sudarshana/.m2/repository/io/opentelemetry/opentelemetry-sdk-extension-autoconfigure-spi/1.22.0/opentelemetry-sdk-extension-autoconfigure-spi-1.22.0.jar:/home/rajith.sudarshana/.m2/repository/io/opentelemetry/opentelemetry-sdk-extension-autoconfigure/1.22.0-alpha/opentelemetry-sdk-extension-autoconfigure-1.22.0-alpha.jar:/home/rajith.sudarshana/.m2/repository/io/opentelemetry/opentelemetry-sdk-trace/1.22.0/opentelemetry-sdk-trace-1.22.0.jar:/home/rajith.sudarshana/.m2/repository/io/opentelemetry/opentelemetry-sdk/1.22.0/opentelemetry-sdk-1.22.0.jar:/home/rajith.sudarshana/.m2/repository/io/opentelemetry/opentelemetry-semconv/1.22.0-alpha/opentelemetry-semconv-1.22.0-alpha.jar:/home/rajith.sudarshana/.m2/repository/io/ous/jtoml/2.0.0/jtoml-2.0.0.jar:/home/rajith.sudarshana/.m2/repository/net/bytebuddy/byte-buddy/1.12.22/byte-buddy-1.12.22.jar:/home/rajith.sudarshana/.m2/repository/org/apache/commons/commons-exec/1.3/commons-exec-1.3.jar:/home/rajith.sudarshana/.m2/repository/org/asynchttpclient/async-http-client/2.12.3/async-http-client-2.12.3.jar:/home/rajith.sudarshana/.m2/repository/org/asynchttpclient/async-http-client-netty-utils/2.12.3/async-http-client-netty-utils-2.12.3.jar:/home/rajith.sudarshana/.m2/repository/io/netty/netty-codec-socks/4.1.60.Final/netty-codec-socks-4.1.60.Final.jar:/home/rajith.sudarshana/.m2/repository/io/netty/netty-handler-proxy/4.1.60.Final/netty-handler-proxy-4.1.60.Final.jar:/home/rajith.sudarshana/.m2/repository/io/netty/netty-transport-native-epoll/4.1.60.Final/netty-transport-native-epoll-4.1.60.Final-linux-x86_64.jar:/home/rajith.sudarshana/.m2/repository/io/netty/netty-transport-native-kqueue/4.1.60.Final/netty-transport-native-kqueue-4.1.60.Final-osx-x86_64.jar:/home/rajith.sudarshana/.m2/repository/com/typesafe/netty/netty-reactive-streams/2.0.4/netty-reactive-streams-2.0.4.jar:/home/rajith.sudarshana/.m2/repository/com/sun/activation/jakarta.activation/1.2.2/jakarta.activation-1.2.2.jar:/home/rajith.sudarshana/.m2/repository/org/seleniumhq/selenium/selenium-manager/4.8.0/selenium-manager-4.8.0.jar:/home/rajith.sudarshana/.m2/repository/org/seleniumhq/selenium/selenium-safari-driver/4.8.0/selenium-safari-driver-4.8.0.jar:/home/rajith.sudarshana/.m2/repository/org/seleniumhq/selenium/selenium-support/4.8.0/selenium-support-4.8.0.jar:/home/rajith.sudarshana/.m2/repository/io/github/bonigarcia/webdrivermanager/5.3.2/webdrivermanager-5.3.2.jar:/home/rajith.sudarshana/.m2/repository/org/slf4j/slf4j-api/2.0.6/slf4j-api-2.0.6.jar:/home/rajith.sudarshana/.m2/repository/com/google/code/gson/gson/2.10.1/gson-2.10.1.jar:/home/rajith.sudarshana/.m2/repository/com/github/docker-java/docker-java/3.2.14/docker-java-3.2.14.jar:/home/rajith.sudarshana/.m2/repository/com/github/docker-java/docker-java-core/3.2.14/docker-java-core-3.2.14.jar:/home/rajith.sudarshana/.m2/repository/com/github/docker-java/docker-java-api/3.2.14/docker-java-api-3.2.14.jar:/home/rajith.sudarshana/.m2/repository/org/bouncycastle/bcpkix-jdk15on/1.64/bcpkix-jdk15on-1.64.jar:/home/rajith.sudarshana/.m2/repository/org/bouncycastle/bcprov-jdk15on/1.64/bcprov-jdk15on-1.64.jar:/home/rajith.sudarshana/.m2/repository/org/slf4j/jcl-over-slf4j/1.7.30/jcl-over-slf4j-1.7.30.jar:/home/rajith.sudarshana/.m2/repository/com/github/docker-java/docker-java-transport-httpclient5/3.2.14/docker-java-transport-httpclient5-3.2.14.jar:/home/rajith.sudarshana/.m2/repository/com/github/docker-java/docker-java-transport/3.2.14/docker-java-transport-3.2.14.jar:/home/rajith.sudarshana/.m2/repository/net/java/dev/jna/jna/5.12.1/jna-5.12.1.jar:/home/rajith.sudarshana/.m2/repository/org/brotli/dec/0.1.2/dec-0.1.2.jar:/home/rajith.sudarshana/.m2/repository/org/apache/commons/commons-lang3/3.12.0/commons-lang3-3.12.0.jar:/home/rajith.sudarshana/.m2/repository/org/apache/httpcomponents/client5/httpclient5/5.2.1/httpclient5-5.2.1.jar:/home/rajith.sudarshana/.m2/repository/org/apache/httpcomponents/core5/httpcore5/5.2/httpcore5-5.2.jar:/home/rajith.sudarshana/.m2/repository/org/apache/httpcomponents/core5/httpcore5-h2/5.2/httpcore5-h2-5.2.jar:/home/rajith.sudarshana/.m2/repository/io/rest-assured/rest-assured/5.3.0/rest-assured-5.3.0.jar:/home/rajith.sudarshana/.m2/repository/org/apache/groovy/groovy/4.0.6/groovy-4.0.6.jar:/home/rajith.sudarshana/.m2/repository/org/apache/groovy/groovy-xml/4.0.6/groovy-xml-4.0.6.jar:/home/rajith.sudarshana/.m2/repository/org/apache/httpcomponents/httpclient/4.5.13/httpclient-4.5.13.jar:/home/rajith.sudarshana/.m2/repository/org/apache/httpcomponents/httpcore/4.4.13/httpcore-4.4.13.jar:/home/rajith.sudarshana/.m2/repository/commons-logging/commons-logging/1.2/commons-logging-1.2.jar:/home/rajith.sudarshana/.m2/repository/org/apache/httpcomponents/httpmime/4.5.13/httpmime-4.5.13.jar:/home/rajith.sudarshana/.m2/repository/org/hamcrest/hamcrest/2.1/hamcrest-2.1.jar:/home/rajith.sudarshana/.m2/repository/org/ccil/cowan/tagsoup/tagsoup/1.2.1/tagsoup-1.2.1.jar:/home/rajith.sudarshana/.m2/repository/io/rest-assured/json-path/5.3.0/json-path-5.3.0.jar:/home/rajith.sudarshana/.m2/repository/org/apache/groovy/groovy-json/4.0.6/groovy-json-4.0.6.jar:/home/rajith.sudarshana/.m2/repository/io/rest-assured/rest-assured-common/5.3.0/rest-assured-common-5.3.0.jar:/home/rajith.sudarshana/.m2/repository/io/rest-assured/xml-path/5.3.0/xml-path-5.3.0.jar:/home/rajith.sudarshana/.m2/repository/org/testng/testng/7.4.0/testng-7.4.0.jar:/home/rajith.sudarshana/.m2/repository/com/beust/jcommander/1.78/jcommander-1.78.jar:/home/rajith.sudarshana/.m2/repository/org/webjars/jquery/3.5.1/jquery-3.5.1.jar:/home/rajith.sudarshana/.m2/repository/org/slf4j/slf4j-reload4j/2.0.6/slf4j-reload4j-2.0.6.jar:/home/rajith.sudarshana/.m2/repository/ch/qos/reload4j/reload4j/1.2.22/reload4j-1.2.22.jar:/home/rajith.sudarshana/.m2/repository/com/aventstack/extentreports/5.0.5/extentreports-5.0.5.jar:/home/rajith.sudarshana/.m2/repository/io/reactivex/rxjava3/rxjava/3.0.4/rxjava-3.0.4.jar:/home/rajith.sudarshana/.m2/repository/org/reactivestreams/reactive-streams/1.0.3/reactive-streams-1.0.3.jar:/home/rajith.sudarshana/.m2/repository/org/freemarker/freemarker/2.3.30/freemarker-2.3.30.jar:/home/rajith.sudarshana/.m2/repository/org/aeonbits/owner/owner/1.0.12/owner-1.0.12.jar:/home/rajith.sudarshana/.m2/repository/com/fasterxml/jackson/core/jackson-databind/2.14.1/jackson-databind-2.14.1.jar:/home/rajith.sudarshana/.m2/repository/com/fasterxml/jackson/core/jackson-annotations/2.14.1/jackson-annotations-2.14.1.jar:/home/rajith.sudarshana/.m2/repository/com/fasterxml/jackson/core/jackson-core/2.14.1/jackson-core-2.14.1.jar:/home/rajith.sudarshana/.m2/repository/org/projectlombok/lombok/1.18.24/lombok-1.18.24.jar:/home/rajith.sudarshana/.m2/repository/io/github/sskorol/test-data-supplier/1.9.7/test-data-supplier-1.9.7.jar:/home/rajith.sudarshana/.m2/repository/org/jooq/joor/0.9.14/joor-0.9.14.jar:/home/rajith.sudarshana/.m2/repository/one/util/streamex/0.8.1/streamex-0.8.1.jar:/home/rajith.sudarshana/.m2/repository/io/vavr/vavr/0.10.4/vavr-0.10.4.jar:/home/rajith.sudarshana/.m2/repository/io/vavr/vavr-match/0.10.4/vavr-match-0.10.4.jar:/home/rajith.sudarshana/.m2/repository/org/aspectj/aspectjrt/1.9.7/aspectjrt-1.9.7.jar:/home/rajith.sudarshana/.m2/repository/org/reflections/reflections/0.9.11/reflections-0.9.11.jar:/home/rajith.sudarshana/.m2/repository/org/javassist/javassist/3.21.0-GA/javassist-3.21.0-GA.jar:/home/rajith.sudarshana/.m2/repository/org/apache/commons/commons-csv/1.9.0/commons-csv-1.9.0.jar:/home/rajith.sudarshana/.m2/repository/com/fasterxml/jackson/dataformat/jackson-dataformat-yaml/2.13.1/jackson-dataformat-yaml-2.13.1.jar:/home/rajith.sudarshana/.m2/repository/org/yaml/snakeyaml/1.28/snakeyaml-1.28.jar:/home/rajith.sudarshana/.m2/repository/com/creditdatamw/labs/zerocell-core/0.5.1/zerocell-core-0.5.1.jar:/home/rajith.sudarshana/.m2/repository/commons-io/commons-io/2.11.0/commons-io-2.11.0.jar:/home/rajith.sudarshana/.m2/repository/org/apache/poi/poi/5.2.2/poi-5.2.2.jar:/home/rajith.sudarshana/.m2/repository/commons-codec/commons-codec/1.15/commons-codec-1.15.jar:/home/rajith.sudarshana/.m2/repository/org/apache/commons/commons-collections4/4.4/commons-collections4-4.4.jar:/home/rajith.sudarshana/.m2/repository/org/apache/commons/commons-math3/3.6.1/commons-math3-3.6.1.jar:/home/rajith.sudarshana/.m2/repository/com/zaxxer/SparseBitSet/1.2/SparseBitSet-1.2.jar:/home/rajith.sudarshana/.m2/repository/org/apache/logging/log4j/log4j-api/2.17.2/log4j-api-2.17.2.jar:/home/rajith.sudarshana/.m2/repository/org/apache/poi/poi-ooxml/5.2.2/poi-ooxml-5.2.2.jar:/home/rajith.sudarshana/.m2/repository/org/apache/poi/poi-ooxml-lite/5.2.2/poi-ooxml-lite-5.2.2.jar:/home/rajith.sudarshana/.m2/repository/org/apache/xmlbeans/xmlbeans/5.0.3/xmlbeans-5.0.3.jar:/home/rajith.sudarshana/.m2/repository/org/apache/commons/commons-compress/1.21/commons-compress-1.21.jar:/home/rajith.sudarshana/.m2/repository/com/github/virtuald/curvesapi/1.07/curvesapi-1.07.jar:/home/rajith.sudarshana/.m2/repository/org/skyscreamer/jsonassert/1.5.1/jsonassert-1.5.1.jar:/home/rajith.sudarshana/.m2/repository/com/vaadin/external/google/android-json/0.0.20131108.vaadin1/android-json-0.0.20131108.vaadin1.jar:/home/rajith.sudarshana/.m2/repository/org/json/json/20220924/json-20220924.jar:/home/rajith.sudarshana/.m2/repository/io/cucumber/cucumber-java/7.11.1/cucumber-java-7.11.1.jar:/home/rajith.sudarshana/.m2/repository/io/cucumber/cucumber-core/7.11.1/cucumber-core-7.11.1.jar:/home/rajith.sudarshana/.m2/repository/io/cucumber/cucumber-gherkin/7.11.1/cucumber-gherkin-7.11.1.jar:/home/rajith.sudarshana/.m2/repository/io/cucumber/cucumber-gherkin-messages/7.11.1/cucumber-gherkin-messages-7.11.1.jar:/home/rajith.sudarshana/.m2/repository/io/cucumber/gherkin/26.0.3/gherkin-26.0.3.jar:/home/rajith.sudarshana/.m2/repository/io/cucumber/messages/21.0.1/messages-21.0.1.jar:/home/rajith.sudarshana/.m2/repository/io/cucumber/tag-expressions/5.0.1/tag-expressions-5.0.1.jar:/home/rajith.sudarshana/.m2/repository/io/cucumber/cucumber-expressions/16.1.2/cucumber-expressions-16.1.2.jar:/home/rajith.sudarshana/.m2/repository/io/cucumber/datatable/7.11.1/datatable-7.11.1.jar:/home/rajith.sudarshana/.m2/repository/io/cucumber/cucumber-plugin/7.11.1/cucumber-plugin-7.11.1.jar:/home/rajith.sudarshana/.m2/repository/io/cucumber/docstring/7.11.1/docstring-7.11.1.jar:/home/rajith.sudarshana/.m2/repository/io/cucumber/html-formatter/20.2.1/html-formatter-20.2.1.jar:/home/rajith.sudarshana/.m2/repository/io/cucumber/junit-xml-formatter/0.1.0/junit-xml-formatter-0.1.0.jar:/home/rajith.sudarshana/.m2/repository/io/cucumber/ci-environment/9.1.0/ci-environment-9.1.0.jar:/home/rajith.sudarshana/.m2/repository/org/apiguardian/apiguardian-api/1.1.2/apiguardian-api-1.1.2.jar:/home/rajith.sudarshana/.m2/repository/io/cucumber/cucumber-testng/7.11.1/cucumber-testng-7.11.1.jar:/home/rajith.sudarshana/.m2/repository/tech/grasshopper/extentreports-cucumber7-adapter/1.10.1/extentreports-cucumber7-adapter-1.10.1.jar:/home/rajith.sudarshana/.m2/repository/tech/grasshopper/extent-pdf-report/2.9.1/extent-pdf-report-2.9.1.jar:/home/rajith.sudarshana/.m2/repository/tech/grasshopper/cucumber-pdf-report/2.11.1/cucumber-pdf-report-2.11.1.jar:/home/rajith.sudarshana/.m2/repository/org/apache/pdfbox/pdfbox/2.0.26/pdfbox-2.0.26.jar:/home/rajith.sudarshana/.m2/repository/org/apache/pdfbox/fontbox/2.0.26/fontbox-2.0.26.jar:/home/rajith.sudarshana/.m2/repository/org/knowm/xchart/xchart/3.8.0/xchart-3.8.0.jar:/home/rajith.sudarshana/.m2/repository/de/erichseifert/vectorgraphics2d/VectorGraphics2D/0.13/VectorGraphics2D-0.13.jar:/home/rajith.sudarshana/.m2/repository/de/rototor/pdfbox/graphics2d/0.30/graphics2d-0.30.jar:/home/rajith.sudarshana/.m2/repository/com/madgag/animated-gif-lib/1.4/animated-gif-lib-1.4.jar:/home/rajith.sudarshana/.m2/repository/tech/grasshopper/table-layout/1.5.1/table-layout-1.5.1.jar:/home/rajith.sudarshana/.m2/repository/tech/grasshopper/rest-assured-cucumber-pdf-report/1.4.1/rest-assured-cucumber-pdf-report-1.4.1.jar:/home/rajith.sudarshana/.m2/repository/org/jsoup/jsoup/1.15.3/jsoup-1.15.3.jar:/home/rajith.sudarshana/.m2/repository/com/aventstack/klov-reporter/5.0.9/klov-reporter-5.0.9.jar:/home/rajith.sudarshana/.m2/repository/org/mongodb/mongodb-driver/3.6.4/mongodb-driver-3.6.4.jar:/home/rajith.sudarshana/.m2/repository/org/mongodb/mongodb-driver-core/3.6.4/mongodb-driver-core-3.6.4.jar:/home/rajith.sudarshana/.m2/repository/org/mongodb/bson/3.6.4/bson-3.6.4.jar:/home/rajith.sudarshana/.m2/repository/tech/grasshopper/htmlextentreporter/1.0.1/htmlextentreporter-1.0.1.jar:/home/rajith.sudarshana/.m2/repository/tech/grasshopper/extent-excel-report/1.3.0/extent-excel-report-1.3.0.jar:/home/rajith.sudarshana/.m2/repository/org/apache/maven/surefire/surefire-testng-utils/2.22.0/surefire-testng-utils-2.22.0.jar:/home/rajith.sudarshana/.m2/repository/org/apache/maven/surefire/surefire-grouper/2.22.0/surefire-grouper-2.22.0.jar:"/>
    <property name="java.vm.vendor" value="Ubuntu"/>
    <property name="sun.arch.data.model" value="64"/>
    <property name="java.vendor.url" value="https://ubuntu.com/"/>
    <property name="user.timezone" value=""/>
    <property name="java.vm.specification.version" value="11"/>
    <property name="os.name" value="Linux"/>
    <property name="sun.java.launcher" value="SUN_STANDARD"/>
    <property name="user.country" value="US"/>
    <property name="sun.boot.library.path" value="/usr/lib/jvm/java-11-openjdk-amd64/lib"/>
    <property name="sun.java.command" value="/home/rajith.sudarshana/circles/projects/cloud-test/target/surefire/surefirebooter7663338226299114917.jar /home/rajith.sudarshana/circles/projects/cloud-test/target/surefire 2023-02-18T22-13-58_623-jvmRun1 surefire2397704430332676729tmp surefire_016096827908999078984tmp"/>
    <property name="jdk.debug" value="release"/>
    <property name="surefire.test.class.path" value="/home/rajith.sudarshana/circles/projects/cloud-test/target/test-classes:/home/rajith.sudarshana/circles/projects/cloud-test/target/classes:/home/rajith.sudarshana/.m2/repository/org/seleniumhq/selenium/selenium-java/4.8.0/selenium-java-4.8.0.jar:/home/rajith.sudarshana/.m2/repository/org/seleniumhq/selenium/selenium-api/4.8.0/selenium-api-4.8.0.jar:/home/rajith.sudarshana/.m2/repository/org/seleniumhq/selenium/selenium-chrome-driver/4.8.0/selenium-chrome-driver-4.8.0.jar:/home/rajith.sudarshana/.m2/repository/com/google/auto/service/auto-service-annotations/1.0.1/auto-service-annotations-1.0.1.jar:/home/rajith.sudarshana/.m2/repository/com/google/auto/service/auto-service/1.0.1/auto-service-1.0.1.jar:/home/rajith.sudarshana/.m2/repository/com/google/auto/auto-common/1.2/auto-common-1.2.jar:/home/rajith.sudarshana/.m2/repository/com/google/guava/guava/31.1-jre/guava-31.1-jre.jar:/home/rajith.sudarshana/.m2/repository/com/google/guava/failureaccess/1.0.1/failureaccess-1.0.1.jar:/home/rajith.sudarshana/.m2/repository/com/google/guava/listenablefuture/9999.0-empty-to-avoid-conflict-with-guava/listenablefuture-9999.0-empty-to-avoid-conflict-with-guava.jar:/home/rajith.sudarshana/.m2/repository/com/google/code/findbugs/jsr305/3.0.2/jsr305-3.0.2.jar:/home/rajith.sudarshana/.m2/repository/org/checkerframework/checker-qual/3.12.0/checker-qual-3.12.0.jar:/home/rajith.sudarshana/.m2/repository/com/google/errorprone/error_prone_annotations/2.11.0/error_prone_annotations-2.11.0.jar:/home/rajith.sudarshana/.m2/repository/com/google/j2objc/j2objc-annotations/1.3/j2objc-annotations-1.3.jar:/home/rajith.sudarshana/.m2/repository/org/seleniumhq/selenium/selenium-chromium-driver/4.8.0/selenium-chromium-driver-4.8.0.jar:/home/rajith.sudarshana/.m2/repository/org/seleniumhq/selenium/selenium-json/4.8.0/selenium-json-4.8.0.jar:/home/rajith.sudarshana/.m2/repository/org/seleniumhq/selenium/selenium-devtools-v107/4.8.0/selenium-devtools-v107-4.8.0.jar:/home/rajith.sudarshana/.m2/repository/org/seleniumhq/selenium/selenium-devtools-v108/4.8.0/selenium-devtools-v108-4.8.0.jar:/home/rajith.sudarshana/.m2/repository/org/seleniumhq/selenium/selenium-devtools-v109/4.8.0/selenium-devtools-v109-4.8.0.jar:/home/rajith.sudarshana/.m2/repository/org/seleniumhq/selenium/selenium-devtools-v85/4.8.0/selenium-devtools-v85-4.8.0.jar:/home/rajith.sudarshana/.m2/repository/org/seleniumhq/selenium/selenium-edge-driver/4.8.0/selenium-edge-driver-4.8.0.jar:/home/rajith.sudarshana/.m2/repository/org/seleniumhq/selenium/selenium-firefox-driver/4.8.0/selenium-firefox-driver-4.8.0.jar:/home/rajith.sudarshana/.m2/repository/org/seleniumhq/selenium/selenium-http/4.8.0/selenium-http-4.8.0.jar:/home/rajith.sudarshana/.m2/repository/dev/failsafe/failsafe/3.3.0/failsafe-3.3.0.jar:/home/rajith.sudarshana/.m2/repository/org/seleniumhq/selenium/selenium-ie-driver/4.8.0/selenium-ie-driver-4.8.0.jar:/home/rajith.sudarshana/.m2/repository/org/seleniumhq/selenium/selenium-remote-driver/4.8.0/selenium-remote-driver-4.8.0.jar:/home/rajith.sudarshana/.m2/repository/io/netty/netty-buffer/4.1.87.Final/netty-buffer-4.1.87.Final.jar:/home/rajith.sudarshana/.m2/repository/io/netty/netty-codec-http/4.1.87.Final/netty-codec-http-4.1.87.Final.jar:/home/rajith.sudarshana/.m2/repository/io/netty/netty-codec/4.1.87.Final/netty-codec-4.1.87.Final.jar:/home/rajith.sudarshana/.m2/repository/io/netty/netty-handler/4.1.87.Final/netty-handler-4.1.87.Final.jar:/home/rajith.sudarshana/.m2/repository/io/netty/netty-common/4.1.87.Final/netty-common-4.1.87.Final.jar:/home/rajith.sudarshana/.m2/repository/io/netty/netty-transport-classes-epoll/4.1.87.Final/netty-transport-classes-epoll-4.1.87.Final.jar:/home/rajith.sudarshana/.m2/repository/io/netty/netty-transport-classes-kqueue/4.1.87.Final/netty-transport-classes-kqueue-4.1.87.Final.jar:/home/rajith.sudarshana/.m2/repository/io/netty/netty-transport-native-epoll/4.1.87.Final/netty-transport-native-epoll-4.1.87.Final.jar:/home/rajith.sudarshana/.m2/repository/io/netty/netty-transport-native-kqueue/4.1.87.Final/netty-transport-native-kqueue-4.1.87.Final.jar:/home/rajith.sudarshana/.m2/repository/io/netty/netty-transport-native-unix-common/4.1.87.Final/netty-transport-native-unix-common-4.1.87.Final.jar:/home/rajith.sudarshana/.m2/repository/io/netty/netty-transport/4.1.87.Final/netty-transport-4.1.87.Final.jar:/home/rajith.sudarshana/.m2/repository/io/netty/netty-resolver/4.1.87.Final/netty-resolver-4.1.87.Final.jar:/home/rajith.sudarshana/.m2/repository/io/opentelemetry/opentelemetry-api/1.22.0/opentelemetry-api-1.22.0.jar:/home/rajith.sudarshana/.m2/repository/io/opentelemetry/opentelemetry-context/1.22.0/opentelemetry-context-1.22.0.jar:/home/rajith.sudarshana/.m2/repository/io/opentelemetry/opentelemetry-exporter-logging/1.22.0/opentelemetry-exporter-logging-1.22.0.jar:/home/rajith.sudarshana/.m2/repository/io/opentelemetry/opentelemetry-sdk-metrics/1.22.0/opentelemetry-sdk-metrics-1.22.0.jar:/home/rajith.sudarshana/.m2/repository/io/opentelemetry/opentelemetry-sdk-logs/1.22.0-alpha/opentelemetry-sdk-logs-1.22.0-alpha.jar:/home/rajith.sudarshana/.m2/repository/io/opentelemetry/opentelemetry-api-logs/1.22.0-alpha/opentelemetry-api-logs-1.22.0-alpha.jar:/home/rajith.sudarshana/.m2/repository/io/opentelemetry/opentelemetry-sdk-common/1.22.0/opentelemetry-sdk-common-1.22.0.jar:/home/rajith.sudarshana/.m2/repository/io/opentelemetry/opentelemetry-sdk-extension-autoconfigure-spi/1.22.0/opentelemetry-sdk-extension-autoconfigure-spi-1.22.0.jar:/home/rajith.sudarshana/.m2/repository/io/opentelemetry/opentelemetry-sdk-extension-autoconfigure/1.22.0-alpha/opentelemetry-sdk-extension-autoconfigure-1.22.0-alpha.jar:/home/rajith.sudarshana/.m2/repository/io/opentelemetry/opentelemetry-sdk-trace/1.22.0/opentelemetry-sdk-trace-1.22.0.jar:/home/rajith.sudarshana/.m2/repository/io/opentelemetry/opentelemetry-sdk/1.22.0/opentelemetry-sdk-1.22.0.jar:/home/rajith.sudarshana/.m2/repository/io/opentelemetry/opentelemetry-semconv/1.22.0-alpha/opentelemetry-semconv-1.22.0-alpha.jar:/home/rajith.sudarshana/.m2/repository/io/ous/jtoml/2.0.0/jtoml-2.0.0.jar:/home/rajith.sudarshana/.m2/repository/net/bytebuddy/byte-buddy/1.12.22/byte-buddy-1.12.22.jar:/home/rajith.sudarshana/.m2/repository/org/apache/commons/commons-exec/1.3/commons-exec-1.3.jar:/home/rajith.sudarshana/.m2/repository/org/asynchttpclient/async-http-client/2.12.3/async-http-client-2.12.3.jar:/home/rajith.sudarshana/.m2/repository/org/asynchttpclient/async-http-client-netty-utils/2.12.3/async-http-client-netty-utils-2.12.3.jar:/home/rajith.sudarshana/.m2/repository/io/netty/netty-codec-socks/4.1.60.Final/netty-codec-socks-4.1.60.Final.jar:/home/rajith.sudarshana/.m2/repository/io/netty/netty-handler-proxy/4.1.60.Final/netty-handler-proxy-4.1.60.Final.jar:/home/rajith.sudarshana/.m2/repository/io/netty/netty-transport-native-epoll/4.1.60.Final/netty-transport-native-epoll-4.1.60.Final-linux-x86_64.jar:/home/rajith.sudarshana/.m2/repository/io/netty/netty-transport-native-kqueue/4.1.60.Final/netty-transport-native-kqueue-4.1.60.Final-osx-x86_64.jar:/home/rajith.sudarshana/.m2/repository/com/typesafe/netty/netty-reactive-streams/2.0.4/netty-reactive-streams-2.0.4.jar:/home/rajith.sudarshana/.m2/repository/com/sun/activation/jakarta.activation/1.2.2/jakarta.activation-1.2.2.jar:/home/rajith.sudarshana/.m2/repository/org/seleniumhq/selenium/selenium-manager/4.8.0/selenium-manager-4.8.0.jar:/home/rajith.sudarshana/.m2/repository/org/seleniumhq/selenium/selenium-safari-driver/4.8.0/selenium-safari-driver-4.8.0.jar:/home/rajith.sudarshana/.m2/repository/org/seleniumhq/selenium/selenium-support/4.8.0/selenium-support-4.8.0.jar:/home/rajith.sudarshana/.m2/repository/io/github/bonigarcia/webdrivermanager/5.3.2/webdrivermanager-5.3.2.jar:/home/rajith.sudarshana/.m2/repository/org/slf4j/slf4j-api/2.0.6/slf4j-api-2.0.6.jar:/home/rajith.sudarshana/.m2/repository/com/google/code/gson/gson/2.10.1/gson-2.10.1.jar:/home/rajith.sudarshana/.m2/repository/com/github/docker-java/docker-java/3.2.14/docker-java-3.2.14.jar:/home/rajith.sudarshana/.m2/repository/com/github/docker-java/docker-java-core/3.2.14/docker-java-core-3.2.14.jar:/home/rajith.sudarshana/.m2/repository/com/github/docker-java/docker-java-api/3.2.14/docker-java-api-3.2.14.jar:/home/rajith.sudarshana/.m2/repository/org/bouncycastle/bcpkix-jdk15on/1.64/bcpkix-jdk15on-1.64.jar:/home/rajith.sudarshana/.m2/repository/org/bouncycastle/bcprov-jdk15on/1.64/bcprov-jdk15on-1.64.jar:/home/rajith.sudarshana/.m2/repository/org/slf4j/jcl-over-slf4j/1.7.30/jcl-over-slf4j-1.7.30.jar:/home/rajith.sudarshana/.m2/repository/com/github/docker-java/docker-java-transport-httpclient5/3.2.14/docker-java-transport-httpclient5-3.2.14.jar:/home/rajith.sudarshana/.m2/repository/com/github/docker-java/docker-java-transport/3.2.14/docker-java-transport-3.2.14.jar:/home/rajith.sudarshana/.m2/repository/net/java/dev/jna/jna/5.12.1/jna-5.12.1.jar:/home/rajith.sudarshana/.m2/repository/org/brotli/dec/0.1.2/dec-0.1.2.jar:/home/rajith.sudarshana/.m2/repository/org/apache/commons/commons-lang3/3.12.0/commons-lang3-3.12.0.jar:/home/rajith.sudarshana/.m2/repository/org/apache/httpcomponents/client5/httpclient5/5.2.1/httpclient5-5.2.1.jar:/home/rajith.sudarshana/.m2/repository/org/apache/httpcomponents/core5/httpcore5/5.2/httpcore5-5.2.jar:/home/rajith.sudarshana/.m2/repository/org/apache/httpcomponents/core5/httpcore5-h2/5.2/httpcore5-h2-5.2.jar:/home/rajith.sudarshana/.m2/repository/io/rest-assured/rest-assured/5.3.0/rest-assured-5.3.0.jar:/home/rajith.sudarshana/.m2/repository/org/apache/groovy/groovy/4.0.6/groovy-4.0.6.jar:/home/rajith.sudarshana/.m2/repository/org/apache/groovy/groovy-xml/4.0.6/groovy-xml-4.0.6.jar:/home/rajith.sudarshana/.m2/repository/org/apache/httpcomponents/httpclient/4.5.13/httpclient-4.5.13.jar:/home/rajith.sudarshana/.m2/repository/org/apache/httpcomponents/httpcore/4.4.13/httpcore-4.4.13.jar:/home/rajith.sudarshana/.m2/repository/commons-logging/commons-logging/1.2/commons-logging-1.2.jar:/home/rajith.sudarshana/.m2/repository/org/apache/httpcomponents/httpmime/4.5.13/httpmime-4.5.13.jar:/home/rajith.sudarshana/.m2/repository/org/hamcrest/hamcrest/2.1/hamcrest-2.1.jar:/home/rajith.sudarshana/.m2/repository/org/ccil/cowan/tagsoup/tagsoup/1.2.1/tagsoup-1.2.1.jar:/home/rajith.sudarshana/.m2/repository/io/rest-assured/json-path/5.3.0/json-path-5.3.0.jar:/home/rajith.sudarshana/.m2/repository/org/apache/groovy/groovy-json/4.0.6/groovy-json-4.0.6.jar:/home/rajith.sudarshana/.m2/repository/io/rest-assured/rest-assured-common/5.3.0/rest-assured-common-5.3.0.jar:/home/rajith.sudarshana/.m2/repository/io/rest-assured/xml-path/5.3.0/xml-path-5.3.0.jar:/home/rajith.sudarshana/.m2/repository/org/testng/testng/7.4.0/testng-7.4.0.jar:/home/rajith.sudarshana/.m2/repository/com/beust/jcommander/1.78/jcommander-1.78.jar:/home/rajith.sudarshana/.m2/repository/org/webjars/jquery/3.5.1/jquery-3.5.1.jar:/home/rajith.sudarshana/.m2/repository/org/slf4j/slf4j-reload4j/2.0.6/slf4j-reload4j-2.0.6.jar:/home/rajith.sudarshana/.m2/repository/ch/qos/reload4j/reload4j/1.2.22/reload4j-1.2.22.jar:/home/rajith.sudarshana/.m2/repository/com/aventstack/extentreports/5.0.5/extentreports-5.0.5.jar:/home/rajith.sudarshana/.m2/repository/io/reactivex/rxjava3/rxjava/3.0.4/rxjava-3.0.4.jar:/home/rajith.sudarshana/.m2/repository/org/reactivestreams/reactive-streams/1.0.3/reactive-streams-1.0.3.jar:/home/rajith.sudarshana/.m2/repository/org/freemarker/freemarker/2.3.30/freemarker-2.3.30.jar:/home/rajith.sudarshana/.m2/repository/org/aeonbits/owner/owner/1.0.12/owner-1.0.12.jar:/home/rajith.sudarshana/.m2/repository/com/fasterxml/jackson/core/jackson-databind/2.14.1/jackson-databind-2.14.1.jar:/home/rajith.sudarshana/.m2/repository/com/fasterxml/jackson/core/jackson-annotations/2.14.1/jackson-annotations-2.14.1.jar:/home/rajith.sudarshana/.m2/repository/com/fasterxml/jackson/core/jackson-core/2.14.1/jackson-core-2.14.1.jar:/home/rajith.sudarshana/.m2/repository/org/projectlombok/lombok/1.18.24/lombok-1.18.24.jar:/home/rajith.sudarshana/.m2/repository/io/github/sskorol/test-data-supplier/1.9.7/test-data-supplier-1.9.7.jar:/home/rajith.sudarshana/.m2/repository/org/jooq/joor/0.9.14/joor-0.9.14.jar:/home/rajith.sudarshana/.m2/repository/one/util/streamex/0.8.1/streamex-0.8.1.jar:/home/rajith.sudarshana/.m2/repository/io/vavr/vavr/0.10.4/vavr-0.10.4.jar:/home/rajith.sudarshana/.m2/repository/io/vavr/vavr-match/0.10.4/vavr-match-0.10.4.jar:/home/rajith.sudarshana/.m2/repository/org/aspectj/aspectjrt/1.9.7/aspectjrt-1.9.7.jar:/home/rajith.sudarshana/.m2/repository/org/reflections/reflections/0.9.11/reflections-0.9.11.jar:/home/rajith.sudarshana/.m2/repository/org/javassist/javassist/3.21.0-GA/javassist-3.21.0-GA.jar:/home/rajith.sudarshana/.m2/repository/org/apache/commons/commons-csv/1.9.0/commons-csv-1.9.0.jar:/home/rajith.sudarshana/.m2/repository/com/fasterxml/jackson/dataformat/jackson-dataformat-yaml/2.13.1/jackson-dataformat-yaml-2.13.1.jar:/home/rajith.sudarshana/.m2/repository/org/yaml/snakeyaml/1.28/snakeyaml-1.28.jar:/home/rajith.sudarshana/.m2/repository/com/creditdatamw/labs/zerocell-core/0.5.1/zerocell-core-0.5.1.jar:/home/rajith.sudarshana/.m2/repository/commons-io/commons-io/2.11.0/commons-io-2.11.0.jar:/home/rajith.sudarshana/.m2/repository/org/apache/poi/poi/5.2.2/poi-5.2.2.jar:/home/rajith.sudarshana/.m2/repository/commons-codec/commons-codec/1.15/commons-codec-1.15.jar:/home/rajith.sudarshana/.m2/repository/org/apache/commons/commons-collections4/4.4/commons-collections4-4.4.jar:/home/rajith.sudarshana/.m2/repository/org/apache/commons/commons-math3/3.6.1/commons-math3-3.6.1.jar:/home/rajith.sudarshana/.m2/repository/com/zaxxer/SparseBitSet/1.2/SparseBitSet-1.2.jar:/home/rajith.sudarshana/.m2/repository/org/apache/logging/log4j/log4j-api/2.17.2/log4j-api-2.17.2.jar:/home/rajith.sudarshana/.m2/repository/org/apache/poi/poi-ooxml/5.2.2/poi-ooxml-5.2.2.jar:/home/rajith.sudarshana/.m2/repository/org/apache/poi/poi-ooxml-lite/5.2.2/poi-ooxml-lite-5.2.2.jar:/home/rajith.sudarshana/.m2/repository/org/apache/xmlbeans/xmlbeans/5.0.3/xmlbeans-5.0.3.jar:/home/rajith.sudarshana/.m2/repository/org/apache/commons/commons-compress/1.21/commons-compress-1.21.jar:/home/rajith.sudarshana/.m2/repository/com/github/virtuald/curvesapi/1.07/curvesapi-1.07.jar:/home/rajith.sudarshana/.m2/repository/org/skyscreamer/jsonassert/1.5.1/jsonassert-1.5.1.jar:/home/rajith.sudarshana/.m2/repository/com/vaadin/external/google/android-json/0.0.20131108.vaadin1/android-json-0.0.20131108.vaadin1.jar:/home/rajith.sudarshana/.m2/repository/org/json/json/20220924/json-20220924.jar:/home/rajith.sudarshana/.m2/repository/io/cucumber/cucumber-java/7.11.1/cucumber-java-7.11.1.jar:/home/rajith.sudarshana/.m2/repository/io/cucumber/cucumber-core/7.11.1/cucumber-core-7.11.1.jar:/home/rajith.sudarshana/.m2/repository/io/cucumber/cucumber-gherkin/7.11.1/cucumber-gherkin-7.11.1.jar:/home/rajith.sudarshana/.m2/repository/io/cucumber/cucumber-gherkin-messages/7.11.1/cucumber-gherkin-messages-7.11.1.jar:/home/rajith.sudarshana/.m2/repository/io/cucumber/gherkin/26.0.3/gherkin-26.0.3.jar:/home/rajith.sudarshana/.m2/repository/io/cucumber/messages/21.0.1/messages-21.0.1.jar:/home/rajith.sudarshana/.m2/repository/io/cucumber/tag-expressions/5.0.1/tag-expressions-5.0.1.jar:/home/rajith.sudarshana/.m2/repository/io/cucumber/cucumber-expressions/16.1.2/cucumber-expressions-16.1.2.jar:/home/rajith.sudarshana/.m2/repository/io/cucumber/datatable/7.11.1/datatable-7.11.1.jar:/home/rajith.sudarshana/.m2/repository/io/cucumber/cucumber-plugin/7.11.1/cucumber-plugin-7.11.1.jar:/home/rajith.sudarshana/.m2/repository/io/cucumber/docstring/7.11.1/docstring-7.11.1.jar:/home/rajith.sudarshana/.m2/repository/io/cucumber/html-formatter/20.2.1/html-formatter-20.2.1.jar:/home/rajith.sudarshana/.m2/repository/io/cucumber/junit-xml-formatter/0.1.0/junit-xml-formatter-0.1.0.jar:/home/rajith.sudarshana/.m2/repository/io/cucumber/ci-environment/9.1.0/ci-environment-9.1.0.jar:/home/rajith.sudarshana/.m2/repository/org/apiguardian/apiguardian-api/1.1.2/apiguardian-api-1.1.2.jar:/home/rajith.sudarshana/.m2/repository/io/cucumber/cucumber-testng/7.11.1/cucumber-testng-7.11.1.jar:/home/rajith.sudarshana/.m2/repository/tech/grasshopper/extentreports-cucumber7-adapter/1.10.1/extentreports-cucumber7-adapter-1.10.1.jar:/home/rajith.sudarshana/.m2/repository/tech/grasshopper/extent-pdf-report/2.9.1/extent-pdf-report-2.9.1.jar:/home/rajith.sudarshana/.m2/repository/tech/grasshopper/cucumber-pdf-report/2.11.1/cucumber-pdf-report-2.11.1.jar:/home/rajith.sudarshana/.m2/repository/org/apache/pdfbox/pdfbox/2.0.26/pdfbox-2.0.26.jar:/home/rajith.sudarshana/.m2/repository/org/apache/pdfbox/fontbox/2.0.26/fontbox-2.0.26.jar:/home/rajith.sudarshana/.m2/repository/org/knowm/xchart/xchart/3.8.0/xchart-3.8.0.jar:/home/rajith.sudarshana/.m2/repository/de/erichseifert/vectorgraphics2d/VectorGraphics2D/0.13/VectorGraphics2D-0.13.jar:/home/rajith.sudarshana/.m2/repository/de/rototor/pdfbox/graphics2d/0.30/graphics2d-0.30.jar:/home/rajith.sudarshana/.m2/repository/com/madgag/animated-gif-lib/1.4/animated-gif-lib-1.4.jar:/home/rajith.sudarshana/.m2/repository/tech/grasshopper/table-layout/1.5.1/table-layout-1.5.1.jar:/home/rajith.sudarshana/.m2/repository/tech/grasshopper/rest-assured-cucumber-pdf-report/1.4.1/rest-assured-cucumber-pdf-report-1.4.1.jar:/home/rajith.sudarshana/.m2/repository/org/jsoup/jsoup/1.15.3/jsoup-1.15.3.jar:/home/rajith.sudarshana/.m2/repository/com/aventstack/klov-reporter/5.0.9/klov-reporter-5.0.9.jar:/home/rajith.sudarshana/.m2/repository/org/mongodb/mongodb-driver/3.6.4/mongodb-driver-3.6.4.jar:/home/rajith.sudarshana/.m2/repository/org/mongodb/mongodb-driver-core/3.6.4/mongodb-driver-core-3.6.4.jar:/home/rajith.sudarshana/.m2/repository/org/mongodb/bson/3.6.4/bson-3.6.4.jar:/home/rajith.sudarshana/.m2/repository/tech/grasshopper/htmlextentreporter/1.0.1/htmlextentreporter-1.0.1.jar:/home/rajith.sudarshana/.m2/repository/tech/grasshopper/extent-excel-report/1.3.0/extent-excel-report-1.3.0.jar:/home/rajith.sudarshana/.m2/repository/org/apache/maven/surefire/surefire-testng-utils/2.22.0/surefire-testng-utils-2.22.0.jar:/home/rajith.sudarshana/.m2/repository/org/apache/maven/surefire/surefire-grouper/2.22.0/surefire-grouper-2.22.0.jar:"/>
    <property name="sun.cpu.endian" value="little"/>
    <property name="user.home" value="/home/rajith.sudarshana"/>
    <property name="user.language" value="en"/>
    <property name="java.specification.vendor" value="Oracle Corporation"/>
    <property name="java.version.date" value="2022-10-18"/>
    <property name="java.home" value="/usr/lib/jvm/java-11-openjdk-amd64"/>
    <property name="file.separator" value="/"/>
    <property name="basedir" value="/home/rajith.sudarshana/circles/projects/cloud-test"/>
    <property name="java.vm.compressedOopsMode" value="Zero based"/>
    <property name="line.separator" value="&#10;"/>
    <property name="java.specification.name" value="Java Platform API Specification"/>
    <property name="java.vm.specification.vendor" value="Oracle Corporation"/>
    <property name="java.awt.graphicsenv" value="sun.awt.X11GraphicsEnvironment"/>
    <property name="surefire.real.class.path" value="/home/rajith.sudarshana/circles/projects/cloud-test/target/surefire/surefirebooter7663338226299114917.jar"/>
    <property name="sun.management.compiler" value="HotSpot 64-Bit Tiered Compilers"/>
    <property name="java.runtime.version" value="11.0.17+8-post-Ubuntu-1ubuntu222.04"/>
    <property name="user.name" value="rajith.sudarshana"/>
    <property name="path.separator" value=":"/>
    <property name="os.version" value="5.19.0-32-generic"/>
    <property name="java.runtime.name" value="OpenJDK Runtime Environment"/>
    <property name="file.encoding" value="UTF-8"/>
    <property name="java.vm.name" value="OpenJDK 64-Bit Server VM"/>
    <property name="localRepository" value="/home/rajith.sudarshana/.m2/repository"/>
    <property name="java.vendor.url.bug" value="https://bugs.launchpad.net/ubuntu/+source/openjdk-lts"/>
    <property name="java.io.tmpdir" value="/tmp"/>
    <property name="java.version" value="11.0.17"/>
    <property name="user.dir" value="/home/rajith.sudarshana/circles/projects/cloud-test"/>
    <property name="os.arch" value="amd64"/>
    <property name="java.vm.specification.name" value="Java Virtual Machine Specification"/>
    <property name="java.awt.printerjob" value="sun.print.PSPrinterJob"/>
    <property name="sun.os.patch.level" value="unknown"/>
    <property name="java.library.path" value="/usr/java/packages/lib:/usr/lib/x86_64-linux-gnu/jni:/lib/x86_64-linux-gnu:/usr/lib/x86_64-linux-gnu:/usr/lib/jni:/lib:/usr/lib"/>
    <property name="java.vm.info" value="mixed mode, sharing"/>
    <property name="java.vendor" value="Ubuntu"/>
    <property name="java.vm.version" value="11.0.17+8-post-Ubuntu-1ubuntu222.04"/>
    <property name="sun.io.unicode.encoding" value="UnicodeLittle"/>
    <property name="java.class.version" value="55.0"/>
  </properties>
  <testcase name="runScenario" classname="com.cloud.RunnerTest" time="2.305"/>
  <testcase name="runScenario" classname="com.cloud.RunnerTest" time="1.263"/>
  <testcase name="runScenario" classname="com.cloud.RunnerTest" time="1.159"/>
  <testcase name="runScenario" classname="com.cloud.RunnerTest" time="1.176"/>
  <testcase name="runScenario" classname="com.cloud.RunnerTest" time="1.242"/>
  <testcase name="runScenario" classname="com.cloud.RunnerTest" time="1.224"/>
  <testcase name="runScenario" classname="com.cloud.RunnerTest" time="1.203"/>
  <testcase name="runScenario" classname="com.cloud.RunnerTest" time="1.244"/>
  <testcase name="runScenario" classname="com.cloud.RunnerTest" time="0.301"/>
  <testcase name="runScenario" classname="com.cloud.RunnerTest" time="3.827"/>
  <testcase name="runScenario" classname="com.cloud.RunnerTest" time="0.912"/>
  <testcase name="runScenario" classname="com.cloud.RunnerTest" time="12.684"/>
</testsuite>