<?xml version="1.0" encoding="UTF-8"?>
<!-- Generated by org.testng.reporters.JUnitReportReporter -->
<testsuite hostname="CLSLLP210086" failures="0" tests="12" name="com.cloud.RunnerTest" time="28.541" errors="0" timestamp="2023-02-18T22:14:42 IST" skipped="0">
  <testcase classname="com.cloud.RunnerTest" name="runScenario" time="1.203"/>
  <system-out/>
  <testcase classname="com.cloud.RunnerTest" name="runScenario" time="1.224"/>
  <system-out/>
  <testcase classname="com.cloud.RunnerTest" name="runScenario" time="1.176"/>
  <system-out/>
  <testcase classname="com.cloud.RunnerTest" name="runScenario" time="1.244"/>
  <system-out/>
  <testcase classname="com.cloud.RunnerTest" name="runScenario" time="12.685"/>
  <system-out/>
  <testcase classname="com.cloud.RunnerTest" name="runScenario" time="1.160"/>
  <system-out/>
  <testcase classname="com.cloud.RunnerTest" name="runScenario" time="1.263"/>
  <system-out/>
  <testcase classname="com.cloud.RunnerTest" name="runScenario" time="1.242"/>
  <system-out/>
  <testcase classname="com.cloud.RunnerTest" name="runScenario" time="0.300"/>
  <system-out/>
  <testcase classname="com.cloud.RunnerTest" name="runScenario" time="3.827"/>
  <system-out/>
  <testcase classname="com.cloud.RunnerTest" name="runScenario" time="0.912"/>
  <system-out/>
  <testcase classname="com.cloud.RunnerTest" name="runScenario" time="2.305"/>
  <system-out/>
</testsuite> <!-- com.cloud.RunnerTest -->
